-------------------------------------------------------------------------------
Test set: hello.GreetingControllerTests
-------------------------------------------------------------------------------
Tests run: 2, Failures: 1, Errors: 0, Skipped: 0, Time elapsed: 7.384 s <<< FAILURE! - in hello.GreetingControllerTests
paramGreetingShouldReturnTailoredMessage(hello.GreetingControllerTests)  Time elapsed: 0.031 s  <<< FAILURE!
java.lang.AssertionError: JSON path "$.content" expected:<Hello, Spring Community!> but was:<Hello, World!>
	at hello.GreetingControllerTests.paramGreetingShouldReturnTailoredMessage(GreetingControllerTests.java:51)

